1543218908078	mozrunner::runner	INFO	Running command: "C:\\Program Files\\Mozilla Firefox\\firefox.exe" "-marionette" "-foreground" "-no-remote" "-profile" "C:\\Users\\LIU\\AppData\\Local\\Temp\\rust_mozprofile.MVHGOl9QwHMR"
[Parent 11280, Gecko_IOThread] WARNING: pipe error: 109: file z:/build/build/src/ipc/chromium/src/chrome/common/ipc_channel_win.cc, line 346
[Child 23156, Chrome_ChildThread] WARNING: pipe error: 109: file z:/build/build/src/ipc/chromium/src/chrome/common/ipc_channel_win.cc, line 346
[Child 23156, Chrome_ChildThread] WARNING: pipe error: 109: file z:/build/build/src/ipc/c[Parent 11280, Gecko_IOThread] WARNING: file z:/build/build/src/ipc/chromium/src/base/process_util_win.cc, line 188
1543218945630	Marionette	INFO	Listening on port 61419
1543218946632	Marionette	WARN	TLS certificate errors will be ignored for this session
console.error: BroadcastService: 
  receivedBroadcastMessage: handler for
  remote-settings/monitor_changes
  threw error:
  Message: Error: Polling for changes failed: NetworkError when attempting to fetch resource..
  Stack:
    remoteSettingsFunction/remoteSettings.pollChanges@resource://services-settings/remote-settings.js:721:13

JavaScript error: http://www.moore.ren/src/js/sendcloud/subscribe.js, line 1: TypeError: e is null
[Parent 11280, Gecko_IOThread] WARNING: pipe error: 109: file z:/build/build/src/ipc/chromium/src/chrome/common/ipc_channel_win.cc, line 346
[Child 13268, Chrome_ChildThread] WARNING: pipe error: 109: file z:/build/build/src/ipc/chromium/src/chrome/common/[iCphild 22368, Chrome_ChildThread] WARNING: pipe error: 109: file z:/build/build/src/ipc/chromium/src/chrome/common/ipc_channel_win.cc, line 346c_channel_win.cc, line 346

[[ChildChild 13268, Chrome_C[Parent 11280, Gecko_IOThread] WARNING: file z:/build/build/src/ipc/chromium/src/base/process_util_win.cc, line 188
[Parent 11280, Gecko_IOThread] WARNING: file z:/build/build/src/ipc/chromium/src/base/process_util_win.cc, line 188

###!!! [Parent][MessageChannel] Error: (msgtype=0x4B000C,name=PHttpBackgroundChannel::Msg___delete__) Channel error: cannot send/recv

[Parent 11280, Gecko_IOThread] WARNING: pipe error: 109: file z:/build/build/src/ipc/chromium/src/chrome/common/ipc_channel_win.cc, line 346
[Child 3848, Chrome_ChildThread] WARNING: pipe error: 109: file z:/build/build/src/ipc/chromium/src/chrome/common/ipc_channel_win.cc, line 346
[Chil1543219095155	Marionette	INFO	Stopped listening on port 61419

###!!! [Child][RunMessage] Error: Channel closing: too late to send/recv, messages will be lost

[GP1543225119613	mozrunner::runner	INFO	Running command: "C:\\Program Files\\Mozilla Firefox\\firefox.exe" "-marionette" "-foreground" "-no-remote" "-profile" "C:\\Users\\LIU\\AppData\\Local\\Temp\\rust_mozprofile.3u8T3I4zZzZS"
1543225128833	Marionette	INFO	Listening on port 61038
[Child 27468, Chrome_ChildThread] WARNING: pipe error: 109: file z:/build/build/src/ipc/chromium/src/chrome/common/ipc_channel_win.cc, line 346
[Chil1543225128964	Marionette	WARN	TLS certificate errors will be ignored for this session
JavaScript error: http://www.moore.ren/src/js/sendcloud/subscribe.js, line 1: TypeError: e is null
JavaScript error: http://www.moore.ren/, line 6137: ReferenceError: event is not defined
JavaScript error: http://www.moore.ren/, line 6137: ReferenceError: event is not defined
JavaScript error: http://www.moore.ren/, line 6137: ReferenceError: event is not defined
JavaScript error: http://www.moore.ren/, line 6137: ReferenceError: event is not defined
JavaScript error: http://www.moore.ren/, line 6137: ReferenceError: event is not defined
JavaScript error: http://www.moore.ren/, line 6137: ReferenceError: event is not defined
JavaScript error: http://www.moore.ren/, line 6137: ReferenceError: event is not defined
JavaScript error: http://www.moore.ren/, line 6137: ReferenceError: event is not defined
JavaScript error: http://www.moore.ren/, line 6137: ReferenceError: event is not defined
JavaScript error: http://www.moore.ren/, line 6137: ReferenceError: event is not defined
JavaScript error: http://www.moore.ren/, line 6137: ReferenceError: event is not defined
JavaScript error: http://www.moore.ren/, line 6137: ReferenceError: event is not defined
JavaScript error: http://www.moore.ren/, line 6137: ReferenceError: event is not defined
JavaScript error: http://www.moore.ren/, line 6137: ReferenceError: event is not defined
JavaScript error: http://www.moore.ren/, line 6137: ReferenceError: event is not defined
JavaScript error: http://www.moore.ren/, line 6137: ReferenceError: event is not defined
JavaScript error: http://www.moore.ren/, line 6137: ReferenceError: event is not defined
JavaScript error: http://www.moore.ren/, line 6137: ReferenceError: event is not defined
JavaScript error: http://www.moore.ren/, line 6137: ReferenceError: event is not defined
JavaScript error: http://www.moore.ren/, line 6137: ReferenceError: event is not defined
JavaScript error: http://www.moore.ren/, line 6137: ReferenceError: event is not defined
JavaScript error: http://www.moore.ren/, line 6137: ReferenceError: event is not defined
JavaScript error: http://www.moore.ren/, line 6137: ReferenceError: event is not defined
JavaScript error: http://www.moore.ren/, line 6137: ReferenceError: event is not defined
JavaScript error: http://www.moore.ren/, line 6137: ReferenceError: event is not defined
JavaScript error: http://www.moore.ren/, line 6137: ReferenceError: event is not defined
JavaScript error: http://www.moore.ren/, line 6062: ReferenceError: init is not defined
JavaScript error: http://www.moore.ren/, line 6137: ReferenceError: event is not defined
JavaScript error: http://www.moore.ren/, line 6137: ReferenceError: event is not defined
JavaScript error: http://www.moore.ren/, line 6137: ReferenceError: event is not defined
JavaScript error: http://www.moore.ren/, line 6137: ReferenceError: event is not defined
console.error: BroadcastService: 
  receivedBroadcastMessage: handler for
  remote-settings/monitor_changes
  threw error:
  Message: Error: Polling for changes failed: NetworkError when attempting to fetch resource..
  Stack:
    remoteSettingsFunction/remoteSettings.pollChanges@resource://services-settings/remote-settings.js:721:13

JavaScript error: http://www.moore.ren/, line 6137: ReferenceError: event is not defined
JavaScript error: http://www.moore.ren/, line 6137: ReferenceError: event is not defined
JavaScript error: http://www.moore.ren/, line 6137: ReferenceError: event is not defined
JavaScript error: http://www.moore.ren/, line 6137: ReferenceError: event is not defined
JavaScript error: http://www.moore.ren/, line 6137: ReferenceError: event is not defined
JavaScript error: http://www.moore.ren/, line 6137: ReferenceError: event is not defined
JavaScript error: http://www.moore.ren/, line 6137: ReferenceError: event is not defined
JavaScript error: http://www.moore.ren/, line 6137: ReferenceError: event is not defined
JavaScript error: http://www.moore.ren/, line 6137: ReferenceError: event is not defined
JavaScript error: http://www.moore.ren/, line 6137: ReferenceError: event is not defined
JavaScript error: http://www.moore.ren/, line 6137: ReferenceError: event is not defined
JavaScript error: http://www.moore.ren/, line 6137: ReferenceError: event is not defined
JavaScript error: http://www.moore.ren/, line 6137: ReferenceError: event is not defined
JavaScript error: http://www.moore.ren/, line 6137: ReferenceError: event is not defined
JavaScript error: http://www.moore.ren/, line 6062: ReferenceError: init is not defined
JavaScript error: http://www.moore.ren/, line 6137: ReferenceError: event is not defined
JavaScript error: http://www.moore.ren/, line 6137: ReferenceError: event is not defined
JavaScript error: http://www.moore.ren/, line 6137: ReferenceError: event is not defined
JavaScript error: http://www.moore.ren/, line 6137: ReferenceError: event is not defined
JavaScript error: http://www.moore.ren/, line 6137: ReferenceError: event is not defined
JavaScript error: http://www.moore.ren/, line 6137: ReferenceError: event is not defined
JavaScript error: http://www.moore.ren/, line 6137: ReferenceError: event is not defined
JavaScript error: http://www.moore.ren/, line 6137: ReferenceError: event is not defined
JavaScript error: http://www.moore.ren/, line 6137: ReferenceError: event is not defined
JavaScript error: http://www.moore.ren/, line 6137: ReferenceError: event is not defined
JavaScript error: http://www.moore.ren/, line 6137: ReferenceError: event is not defined
JavaScript error: http://www.moore.ren/, line 6137: ReferenceError: event is not defined
JavaScript error: http://www.moore.ren/, line 6137: ReferenceError: event is not defined
JavaScript error: http://www.moore.ren/, line 6137: ReferenceError: event is not defined
JavaScript error: http://www.moore.ren/, line 6094: ReferenceError: init is not defined
JavaScript error: http://www.moore.ren/, line 6062: ReferenceError: init is not defined
JavaScript error: http://www.moore.ren/, line 6137: ReferenceError: event is not defined
JavaScript error: http://www.moore.ren/, line 6137: ReferenceError: event is not defined
JavaScript error: http://www.moore.ren/, line 6137: ReferenceError: event is not defined
JavaScript error: http://www.moore.ren/, line 6137: ReferenceError: event is not defined
JavaScript error: http://www.moore.ren/, line 6137: ReferenceError: event is not defined
JavaScript error: http://www.moore.ren/, line 6137: ReferenceError: event is not defined
JavaScript error: http://www.moore.ren/, line 6137: ReferenceError: event is not defined
JavaScript error: http://www.moore.ren/, line 6137: ReferenceError: event is not defined
JavaScript error: http://www.moore.ren/, line 6137: ReferenceError: event is not defined
JavaScript error: http://www.moore.ren/, line 6137: ReferenceError: event is not defined
JavaScript error: http://www.moore.ren/, line 6137: ReferenceError: event is not defined
JavaScript error: http://www.moore.ren/, line 6137: ReferenceError: event is not defined
JavaScript error: http://www.moore.ren/, line 6137: ReferenceError: event is not defined
JavaScript error: http://www.moore.ren/, line 6137: ReferenceError: event is not defined
JavaScript error: http://www.moore.ren/, line 6137: ReferenceError: event is not defined
JavaScript error: http://www.moore.ren/, line 6137: ReferenceError: event is not defined
JavaScript error: http://www.moore.ren/, line 6137: ReferenceError: event is not defined
JavaScript error: http://www.moore.ren/, line 6137: ReferenceError: event is not defined
JavaScript error: http://www.moore.ren/, line 6137: ReferenceError: event is not defined
JavaScript error: http://www.moore.ren/, line 6137: ReferenceError: event is not defined
JavaScript error: http://www.moore.ren/, line 6137: ReferenceError: event is not defined
JavaScript error: http://www.moore.ren/, line 6137: ReferenceError: event is not defined
JavaScript error: http://www.moore.ren/, line 6137: ReferenceError: event is not defined
JavaScript error: http://www.moore.ren/, line 6137: ReferenceError: event is not defined
JavaScript error: http://www.moore.ren/, line 6137: ReferenceError: event is not defined
JavaScript error: http://www.moore.ren/, line 6137: ReferenceError: event is not defined
JavaScript error: http://www.moore.ren/, line 6094: ReferenceError: init is not defined
JavaScript error: http://www.moore.ren/, line 6062: ReferenceError: init is not defined
JavaScript error: http://www.moore.ren/, line 6137: ReferenceError: event is not defined
JavaScript error: http://www.moore.ren/, line 6137: ReferenceError: event is not defined
JavaScript error: http://www.moore.ren/, line 6137: ReferenceError: event is not defined
JavaScript error: http://www.moore.ren/, line 6137: ReferenceError: event is not defined
JavaScript error: http://www.moore.ren/, line 6137: ReferenceError: event is not defined
JavaScript error: http://www.moore.ren/, line 6137: ReferenceError: event is not defined
JavaScript error: http://www.moore.ren/, line 6137: ReferenceError: event is not defined
JavaScript error: http://www.moore.ren/, line 6137: ReferenceError: event is not defined
JavaScript error: http://www.moore.ren/, line 6137: ReferenceError: event is not defined
JavaScript error: http://www.moore.ren/, line 6137: ReferenceError: event is not defined
JavaScript error: http://www.moore.ren/, line 6137: ReferenceError: event is not defined
JavaScript error: http://www.moore.ren/, line 6137: ReferenceError: event is not defined
JavaScript error: http://www.moore.ren/, line 6137: ReferenceError: event is not defined
JavaScript error: http://www.moore.ren/, line 6137: ReferenceError: event is not defined
JavaScript error: http://www.moore.ren/, line 6137: ReferenceError: event is not defined
JavaScript error: http://www.moore.ren/, line 6137: ReferenceError: event is not defined
JavaScript error: http://www.moore.ren/, line 6137: ReferenceError: event is not defined
JavaScript error: http://www.moore.ren/, line 6137: ReferenceError: event is not defined
JavaScript error: http://www.moore.ren/, line 6137: ReferenceError: event is not defined
JavaScript error: http://www.moore.ren/, line 6137: ReferenceError: event is not defined
JavaScript error: http://www.moore.ren/, line 6137: ReferenceError: event is not defined
JavaScript error: http://www.moore.ren/, line 6137: ReferenceError: event is not defined
JavaScript error: http://www.moore.ren/, line 6137: ReferenceError: event is not defined
JavaScript error: http://www.moore.ren/, line 6137: ReferenceError: event is not defined
JavaScript error: http://www.moore.ren/, line 6137: ReferenceError: event is not defined
JavaScript error: http://www.moore.ren/, line 6137: ReferenceError: event is not defined
JavaScript error: http://www.moore.ren/, line 6137: ReferenceError: event is not defined
JavaScript error: http://www.moore.ren/, line 6137: ReferenceError: event is not defined
JavaScript error: http://www.moore.ren/, line 6137: ReferenceError: event is not defined
JavaScript error: http://www.moore.ren/, line 6137: ReferenceError: event is not defined
JavaScript error: http://www.moore.ren/, line 6137: ReferenceError: event is not defined
JavaScript error: http://www.moore.ren/, line 6137: ReferenceError: event is not defined
JavaScript error: http://www.moore.ren/, line 6137: ReferenceError: event is not defined
JavaScript error: http://www.moore.ren/, line 6137: ReferenceError: event is not defined
JavaScript error: http://www.moore.ren/, line 6137: ReferenceError: event is not defined
JavaScript error: http://www.moore.ren/, line 6137: ReferenceError: event is not defined
JavaScript error: http://www.moore.ren/, line 6137: ReferenceError: event is not defined
JavaScript error: http://www.moore.ren/, line 6137: ReferenceError: event is not defined
JavaScript error: http://www.moore.ren/, line 6137: ReferenceError: event is not defined
JavaScript error: http://www.moore.ren/, line 6137: ReferenceError: event is not defined
JavaScript error: http://www.moore.ren/, line 6137: ReferenceError: event is not defined
JavaScript error: http://www.moore.ren/, line 6137: ReferenceError: event is not defined
JavaScript error: http://www.moore.ren/, line 6137: ReferenceError: event is not defined
JavaScript error: http://www.moore.ren/, line 6137: ReferenceError: event is not defined
JavaScript error: http://www.moore.ren/, line 6137: ReferenceError: event is not defined
JavaScript error: http://www.moore.ren/, line 6137: ReferenceError: event is not defined
JavaScript error: http://www.moore.ren/, line 6137: ReferenceError: event is not defined
JavaScript error: http://www.moore.ren/, line 6137: ReferenceError: event is not defined
JavaScript error: http://www.moore.ren/, line 6137: ReferenceError: event is not defined
JavaScript error: http://www.moore.ren/, line 6137: ReferenceError: event is not defined
JavaScript error: http://www.moore.ren/, line 6137: ReferenceError: event is not defined
JavaScript error: http://www.moore.ren/, line 6137: ReferenceError: event is not defined
JavaScript error: http://www.moore.ren/, line 6062: ReferenceError: init is not defined
JavaScript error: http://www.moore.ren/, line 6137: ReferenceError: event is not defined
JavaScript error: http://www.moore.ren/, line 6137: ReferenceError: event is not defined
JavaScript error: http://www.moore.ren/, line 6137: ReferenceError: event is not defined
JavaScript error: http://www.moore.ren/, line 6137: ReferenceError: event is not defined
JavaScript error: http://www.moore.ren/, line 6137: ReferenceError: event is not defined
JavaScript error: http://www.moore.ren/, line 6137: ReferenceError: event is not defined
JavaScript error: http://www.moore.ren/, line 6137: ReferenceError: event is not defined
JavaScript error: http://www.moore.ren/, line 6137: ReferenceError: event is not defined
JavaScript error: http://www.moore.ren/, line 6137: ReferenceError: event is not defined
JavaScript error: http://www.moore.ren/, line 6137: ReferenceError: event is not defined
JavaScript error: http://www.moore.ren/, line 6137: ReferenceError: event is not defined
JavaScript error: http://www.moore.ren/, line 6137: ReferenceError: event is not defined
JavaScript error: http://www.moore.ren/, line 6137: ReferenceError: event is not defined
JavaScript error: http://www.moore.ren/, line 6137: ReferenceError: event is not defined
JavaScript error: http://www.moore.ren/, line 6137: ReferenceError: event is not defined
JavaScript error: http://www.moore.ren/, line 6137: ReferenceError: event is not defined
JavaScript error: http://www.moore.ren/, line 6137: ReferenceError: event is not defined
JavaScript error: http://www.moore.ren/, line 6137: ReferenceError: event is not defined
JavaScript error: http://www.moore.ren/, line 6137: ReferenceError: event is not defined
JavaScript error: http://www.moore.ren/, line 6137: ReferenceError: event is not defined
JavaScript error: http://www.moore.ren/, line 6137: ReferenceError: event is not defined
JavaScript error: http://www.moore.ren/, line 6137: ReferenceError: event is not defined
JavaScript error: http://www.moore.ren/, line 6137: ReferenceError: event is not defined
JavaScript error: http://www.moore.ren/, line 6137: ReferenceError: event is not defined
JavaScript error: http://www.moore.ren/, line 6137: ReferenceError: event is not defined
JavaScript error: http://www.moore.ren/, line 6137: ReferenceError: event is not defined
JavaScript error: http://www.moore.ren/, line 6137: ReferenceError: event is not defined
JavaScript error: http://www.moore.ren/, line 6137: ReferenceError: event is not defined
JavaScript error: http://www.moore.ren/, line 6137: ReferenceError: event is not defined
JavaScript error: http://www.moore.ren/, line 6137: ReferenceError: event is not defined
JavaScript error: http://www.moore.ren/, line 6137: ReferenceError: event is not defined
JavaScript error: http://www.moore.ren/, line 6137: ReferenceError: event is not defined
JavaScript error: http://www.moore.ren/, line 6137: ReferenceError: event is not defined
JavaScript error: http://www.moore.ren/, line 6137: ReferenceError: event is not defined
JavaScript error: http://www.moore.ren/, line 6137: ReferenceError: event is not defined
JavaScript error: http://www.moore.ren/, line 6137: ReferenceError: event is not defined
JavaScript error: http://www.moore.ren/, line 6137: ReferenceError: event is not defined
JavaScript error: http://www.moore.ren/, line 6137: ReferenceError: event is not defined
JavaScript error: http://www.moore.ren/, line 6137: ReferenceError: event is not defined
JavaScript error: http://www.moore.ren/, line 6137: ReferenceError: event is not defined
JavaScript error: http://www.moore.ren/, line 6137: ReferenceError: event is not defined
JavaScript error: http://www.moore.ren/, line 6137: ReferenceError: event is not defined
JavaScript error: http://www.moore.ren/, line 6137: ReferenceError: event is not defined
JavaScript error: http://www.moore.ren/, line 6137: ReferenceError: event is not defined
JavaScript error: http://www.moore.ren/, line 6137: ReferenceError: event is not defined
JavaScript error: http://www.moore.ren/, line 6137: ReferenceError: event is not defined
JavaScript error: http://www.moore.ren/, line 6137: ReferenceError: event is not defined
JavaScript error: http://www.moore.ren/, line 6137: ReferenceError: event is not defined
JavaScript error: http://www.moore.ren/src/js/sendcloud/subscribe.js, line 1: TypeError: e is null
JavaScript error: http://www.moore.ren/, line 6137: ReferenceError: event is not defined
JavaScript error: http://www.moore.ren/, line 6137: ReferenceError: event is not defined
JavaScript error: http://www.moore.ren/, line 6137: ReferenceError: event is not defined
JavaScript error: http://www.moore.ren/, line 6137: ReferenceError: event is not defined
JavaScript error: http://www.moore.ren/, line 6137: ReferenceError: event is not defined
JavaScript error: http://www.moore.ren/, line 6137: ReferenceError: event is not defined
JavaScript error: http://www.moore.ren/, line 6137: ReferenceError: event is not defined
JavaScript error: http://www.moore.ren/, line 6137: ReferenceError: event is not defined
JavaScript error: http://www.moore.ren/, line 6137: ReferenceError: event is not defined
JavaScript error: http://www.moore.ren/, line 6137: ReferenceError: event is not defined
JavaScript error: http://www.moore.ren/, line 6137: ReferenceError: event is not defined
JavaScript error: http://www.moore.ren/, line 6137: ReferenceError: event is not defined
JavaScript error: http://www.moore.ren/, line 6137: ReferenceError: event is not defined
JavaScript error: http://www.moore.ren/, line 6137: ReferenceError: event is not defined
JavaScript error: http://www.moore.ren/, line 6137: ReferenceError: event is not defined
JavaScript error: http://www.moore.ren/, line 6137: ReferenceError: event is not defined
JavaScript error: http://www.moore.ren/, line 6137: ReferenceError: event is not defined
JavaScript error: http://www.moore.ren/, line 6137: ReferenceError: event is not defined
JavaScript error: http://www.moore.ren/, line 6137: ReferenceError: event is not defined
JavaScript error: http://www.moore.ren/, line 6137: ReferenceError: event is not defined
JavaScript error: http://www.moore.ren/, line 6137: ReferenceError: event is not defined
JavaScript error: http://www.moore.ren/, line 6137: ReferenceError: event is not defined
JavaScript error: http://www.moore.ren/, line 6137: ReferenceError: event is not defined
JavaScript error: http://www.moore.ren/, line 6137: ReferenceError: event is not defined
JavaScript error: http://www.moore.ren/, line 6137: ReferenceError: event is not defined
JavaScript error: http://www.moore.ren/, line 6137: ReferenceError: event is not defined
JavaScript error: http://www.moore.ren/, line 6137: ReferenceError: event is not defined
JavaScript error: http://www.moore.ren/, line 6137: ReferenceError: event is not defined
JavaScript error: http://www.moore.ren/, line 6137: ReferenceError: event is not defined
JavaScript error: http://www.moore.ren/, line 6137: ReferenceError: event is not defined
JavaScript error: http://www.moore.ren/, line 6137: ReferenceError: event is not defined
JavaScript error: http://www.moore.ren/, line 6137: ReferenceError: event is not defined
JavaScript error: http://www.moore.ren/, line 6137: ReferenceError: event is not defined
JavaScript error: http://www.moore.ren/, line 6137: ReferenceError: event is not defined
JavaScript error: http://www.moore.ren/, line 6137: ReferenceError: event is not defined
JavaScript error: http://www.moore.ren/, line 6137: ReferenceError: event is not defined
JavaScript error: http://www.moore.ren/, line 6137: ReferenceError: event is not defined
JavaScript error: http://www.moore.ren/, line 6137: ReferenceError: event is not defined
JavaScript error: http://www.moore.ren/, line 6137: ReferenceError: event is not defined
JavaScript error: http://www.moore.ren/, line 6137: ReferenceError: event is not defined
JavaScript error: http://www.moore.ren/, line 6137: ReferenceError: event is not defined
JavaScript error: http://www.moore.ren/, line 6137: ReferenceError: event is not defined
JavaScript error: http://www.moore.ren/, line 6137: ReferenceError: event is not defined
JavaScript error: http://www.moore.ren/, line 6137: ReferenceError: event is not defined
JavaScript error: http://www.moore.ren/, line 6137: ReferenceError: event is not defined
JavaScript error: http://www.moore.ren/, line 6137: ReferenceError: event is not defined
JavaScript error: http://www.moore.ren/, line 6137: ReferenceError: event is not defined
JavaScript error: http://www.moore.ren/, line 6137: ReferenceError: event is not defined
JavaScript error: http://www.moore.ren/, line 6137: ReferenceError: event is not defined
JavaScript error: http://www.moore.ren/, line 6137: ReferenceError: event is not defined
JavaScript error: http://www.moore.ren/, line 6137: ReferenceError: event is not defined
JavaScript error: http://www.moore.ren/, line 6137: ReferenceError: event is not defined
JavaScript error: http://www.moore.ren/, line 6137: ReferenceError: event is not defined
JavaScript error: http://www.moore.ren/, line 6137: ReferenceError: event is not defined
JavaScript error: http://www.moore.ren/, line 6137: ReferenceError: event is not defined
JavaScript error: http://www.moore.ren/, line 6137: ReferenceError: event is not defined
JavaScript error: http://www.moore.ren/, line 6137: ReferenceError: event is not defined
JavaScript error: http://www.moore.ren/, line 6137: ReferenceError: event is not defined
JavaScript error: http://www.moore.ren/, line 6137: ReferenceError: event is not defined
JavaScript error: http://www.moore.ren/, line 6137: ReferenceError: event is not defined
JavaScript error: http://www.moore.ren/, line 6137: ReferenceError: event is not defined
JavaScript error: http://www.moore.ren/, line 6137: ReferenceError: event is not defined
JavaScript error: http://www.moore.ren/, line 6137: ReferenceError: event is not defined
JavaScript error: http://www.moore.ren/, line 6137: ReferenceError: event is not defined
JavaScript error: http://www.moore.ren/, line 6137: ReferenceError: event is not defined
JavaScript error: http://www.moore.ren/, line 6137: ReferenceError: event is not defined
JavaScript error: http://www.moore.ren/, line 6137: ReferenceError: event is not defined
JavaScript error: http://www.moore.ren/, line 6137: ReferenceError: event is not defined
JavaScript error: http://www.moore.ren/, line 6137: ReferenceError: event is not defined
JavaScript error: http://www.moore.ren/, line 6137: ReferenceError: event is not defined
JavaScript error: http://www.moore.ren/, line 6137: ReferenceError: event is not defined
JavaScript error: http://www.moore.ren/, line 6137: ReferenceError: event is not defined
JavaScript error: http://www.moore.ren/, line 6137: ReferenceError: event is not defined
JavaScript error: http://www.moore.ren/, line 6137: ReferenceError: event is not defined
JavaScript error: http://www.moore.ren/, line 6137: ReferenceError: event is not defined
JavaScript error: http://www.moore.ren/, line 6137: ReferenceError: event is not defined
JavaScript error: http://www.moore.ren/, line 6137: ReferenceError: event is not defined
JavaScript error: http://www.moore.ren/, line 6137: ReferenceError: event is not defined
JavaScript error: http://www.moore.ren/, line 6137: ReferenceError: event is not defined
JavaScript error: http://www.moore.ren/, line 6137: ReferenceError: event is not defined
JavaScript error: http://www.moore.ren/, line 6137: ReferenceError: event is not defined
JavaScript error: http://www.moore.ren/, line 6137: ReferenceError: event is not defined
JavaScript error: http://www.moore.ren/, line 6137: ReferenceError: event is not defined
JavaScript error: http://www.moore.ren/, line 6137: ReferenceError: event is not defined
JavaScript error: http://www.moore.ren/, line 6137: ReferenceError: event is not defined
JavaScript error: http://www.moore.ren/, line 6137: ReferenceError: event is not defined
JavaScript error: http://www.moore.ren/, line 6137: ReferenceError: event is not defined
JavaScript error: http://www.moore.ren/, line 6137: ReferenceError: event is not defined
JavaScript error: http://www.moore.ren/, line 6137: ReferenceError: event is not defined
JavaScript error: http://www.moore.ren/, line 6137: ReferenceError: event is not defined
JavaScript error: http://www.moore.ren/, line 6137: ReferenceError: event is not defined
JavaScript error: http://www.moore.ren/, line 6137: ReferenceError: event is not defined
JavaScript error: http://www.moore.ren/, line 6137: ReferenceError: event is not defined
JavaScript error: http://www.moore.ren/, line 6137: ReferenceError: event is not defined
JavaScript error: http://www.moore.ren/, line 6137: ReferenceError: event is not defined
JavaScript error: http://www.moore.ren/, line 6137: ReferenceError: event is not defined
JavaScript error: http://www.moore.ren/, line 6137: ReferenceError: event is not defined
JavaScript error: http://www.moore.ren/, line 6137: ReferenceError: event is not defined
JavaScript error: http://www.moore.ren/, line 6137: ReferenceError: event is not defined
JavaScript error: http://www.moore.ren/, line 6137: ReferenceError: event is not defined
JavaScript error: http://www.moore.ren/, line 6137: ReferenceError: event is not defined
JavaScript error: http://www.moore.ren/, line 6137: ReferenceError: event is not defined
JavaScript error: http://www.moore.ren/, line 6137: ReferenceError: event is not defined
JavaScript error: http://www.moore.ren/, line 6137: ReferenceError: event is not defined
JavaScript error: http://www.moore.ren/, line 6137: ReferenceError: event is not defined
JavaScript error: http://www.moore.ren/, line 6137: ReferenceError: event is not defined
JavaScript error: http://www.moore.ren/, line 6137: ReferenceError: event is not defined
JavaScript error: http://www.moore.ren/, line 6137: ReferenceError: event is not defined
JavaScript error: http://www.moore.ren/, line 6137: ReferenceError: event is not defined
JavaScript error: http://www.moore.ren/, line 6137: ReferenceError: event is not defined
JavaScript error: http://www.moore.ren/, line 6137: ReferenceError: event is not defined
JavaScript error: http://www.moore.ren/, line 6137: ReferenceError: event is not defined
JavaScript error: http://www.moore.ren/, line 6137: ReferenceError: event is not defined
JavaScript error: http://www.moore.ren/, line 6137: ReferenceError: event is not defined
JavaScript error: http://www.moore.ren/, line 6137: ReferenceError: event is not defined
JavaScript error: http://www.moore.ren/, line 6137: ReferenceError: event is not defined
JavaScript error: http://www.moore.ren/, line 6137: ReferenceError: event is not defined
JavaScript error: http://www.moore.ren/, line 6137: ReferenceError: event is not defined
JavaScript error: http://www.moore.ren/, line 6137: ReferenceError: event is not defined
JavaScript error: http://www.moore.ren/, line 6137: ReferenceError: event is not defined
JavaScript error: http://www.moore.ren/, line 6137: ReferenceError: event is not defined
JavaScript error: http://www.moore.ren/, line 6137: ReferenceError: event is not defined
JavaScript error: http://www.moore.ren/, line 6137: ReferenceError: event is not defined
JavaScript error: http://www.moore.ren/, line 6137: ReferenceError: event is not defined
JavaScript error: http://www.moore.ren/, line 6137: ReferenceError: event is not defined
JavaScript error: http://www.moore.ren/, line 6137: ReferenceError: event is not defined
JavaScript error: http://www.moore.ren/, line 6137: ReferenceError: event is not defined
JavaScript error: http://www.moore.ren/, line 6137: ReferenceError: event is not defined
JavaScript error: http://www.moore.ren/, line 6137: ReferenceError: event is not defined
JavaScript error: http://www.moore.ren/, line 6137: ReferenceError: event is not defined
JavaScript error: http://www.moore.ren/, line 6137: ReferenceError: event is not defined
JavaScript error: http://www.moore.ren/, line 6137: ReferenceError: event is not defined
console.error: "Tried to send a 'tabDetached' event on an already destroyed actor 'frameTarget'"
[Parent 14536, Gecko_IOThread] WARNING: pipe error: 109: file z:/build/build/src/ipc/chromium/src/chrome/common/ipc_channel_win.cc, line 346
[Parent 14536, Gecko_IOThread] WARNING: pipe error: 109: file z:/build/build/src/ipc/chromium/src/chrome/common/ipc_channel_win.cc, line 346
[Child 13440, Chrome_ChildThread] WARNING: pipe error: 109: file z:/build/build/src/ipc/chromium/src/chrome/common/ipc_channel_win.cc, line 346
[Child 1341543225991028	Marionette	INFO	Stopped listening on port 61038

###!!! [Child][RunMessage] Error: Channel closing: too late to send/recv, messages will be lost


###!!! [Child][MessageChannel::SendAndWait] Error: Channel error: cannot send/recv

1543234848681	mozrunner::runner	INFO	Running command: "C:\\Program Files\\Mozilla Firefox\\firefox.exe" "-marionette" "-foreground" "-no-remote" "-profile" "C:\\Users\\LIU\\AppData\\Local\\Temp\\rust_mozprofile.6csue00blcBp"
1543234859893	Marionette	INFO	Listening on port 60662
[Child 15676, Chrome_ChildThread] WARNING: pipe error: 109: file z:/build/build/src/ipc/chromium/src/chrome/common/ipc_channel_win.cc, line 346
[Child1543234860266	Marionette	WARN	TLS certificate errors will be ignored for this session
[Parent 1708, Gecko_IOThread] WARNING: pipe error: 109: file z:/build/build/src/ipc/chromium/src/chrome/common/ipc_channel_win.cc, line 346
[Parent 1708, Gecko_IOThread] WARNING: pipe error: 109: file z:/build/build/src/ipc/1543234904586	Marionette	INFO	Listening on port 60733
[Child 19348, Chrome_ChildThread] WARNING: pipe error: 109: file z:/build/build/src/ipc/chromium/src/chrome/common/ipc_channel_win.cc, line 346
[Child 19348, Chrome_Ch1543234905063	Marionette	WARN	TLS certificate errors will be ignored for this session
JavaScript error: http://www.moore.ren/src/js/sendcloud/subscribe.js, line 1: TypeError: e is null
JavaScript error: http://www.moore.ren/src/js/sendcloud/subscribe.js, line 1: TypeError: e is null
console.error: "Tried to send a 'tabDetached' event on an already destroyed actor 'frameTarget'"
[Parent 6860, Gecko_IOThread] WARNING: pipe error: 109: file z:/build/build/src/ipc/chromium/src/chrome/common/ipc_channel_win.cc, line 346
[Parent 6860, Gecko_IOThread] WARNING: pipe error: 109: file z:/build/build/src/ipc/chromium/src/chrome/common/ipc_channel_win.cc, line 346
[Parent 6860,1543234994328	Marionette	INFO	Listening on port 60984
1543234994542	Marionette	WARN	TLS certificate errors will be ignored for this session
JavaScript error: http://www.moore.ren/src/js/sendcloud/subscribe.js, line 1: TypeError: e is null
JavaScript error: http://www.moore.ren/, line 6137: ReferenceError: event is not defined
JavaScript error: http://www.moore.ren/, line 6137: ReferenceError: event is not defined
JavaScript error: http://www.moore.ren/, line 6137: ReferenceError: event is not defined
JavaScript error: http://www.moore.ren/, line 6137: ReferenceError: event is not defined
JavaScript error: http://www.moore.ren/, line 6137: ReferenceError: event is not defined
JavaScript error: http://www.moore.ren/, line 6137: ReferenceError: event is not defined
JavaScript error: http://www.moore.ren/, line 6137: ReferenceError: event is not defined
JavaScript error: http://www.moore.ren/, line 6137: ReferenceError: event is not defined
JavaScript error: http://www.moore.ren/, line 6137: ReferenceError: event is not defined
JavaScript error: http://www.moore.ren/, line 6137: ReferenceError: event is not defined
JavaScript error: http://www.moore.ren/, line 6137: ReferenceError: event is not defined
JavaScript error: http://www.moore.ren/, line 6137: ReferenceError: event is not defined
JavaScript error: http://www.moore.ren/, line 6137: ReferenceError: event is not defined
JavaScript error: http://www.moore.ren/, line 6137: ReferenceError: event is not defined
JavaScript error: http://www.moore.ren/, line 6137: ReferenceError: event is not defined
JavaScript error: http://www.moore.ren/, line 6137: ReferenceError: event is not defined
JavaScript error: http://www.moore.ren/src/js/sendcloud/subscribe.js, line 1: TypeError: e is null
[Parent 5268, Gecko_IOThread] WARNING: pipe error: 109: file z:/build/build/src/ipc/chromium/src/chrome/common/ipc_channel_win.cc, line 346
[Parent 5268, Gecko_IOThread] WARNING: pipe error: 109: file z:/build/build/src/ipc/chromium/src/chrome/common/ipc_channel_win.cc, line 346
[Child 5144, Chrome_ChildThread] WARNING: pipe error: 109: file z:/build/build/src/ipc/chromium/src/chrome/common/ipc_channel_win.cc, line 346
[Child 5144, Chrome_Ch[Parent 5268, Gecko_IOThread] WARNING: pipe error: 109: file z:/build/build/src/ipc/chromium/src/chrome/common/ipc_channel_win.cc, line 346
[Child 20932, Chrome_ChildThread] WARNING: pipe error: 109: file z:/build/build/src/ipc/chromium/src/chrome/common/ipc_channel_win.cc, line 346
[Child 20932, Chrome_ChildThread] WARNING: pip1543235079847	Marionette	INFO	Stopped listening on port 60984

###!!! [Child][RunMessage] Error: Channel closing: too late to send/recv, messages will be lost


###!!! [Child][MessageChannel::SendAndWait] Error: Channel error: cannot send/recv

file z:/build/build/src/ipc/chromium/src/chrome/common/ipc_channel_win.cc, line 346
[Parent 1344, Gecko_IOThread] WARNING: pipe error: 109: file z:/build/build/src/ipc/chromium/src/chrome/common/ipc_channel_win.cc, line 346
[Child 20108, Chrome_ChildThread] WARNING: pipe error: 109: file z:/build/build/src/ipc/chromium/src/chrome/common/ipc_channel_win.cc, line 346
[Chil1543235079971	Marionette	INFO	Stopped listening on port 61198
[GPU
###!!! [Child][RunMessage] Error: Channel closing: too late to send/recv, messages will be lost

 6668, Chrome_ChildThread] WARNIN
###!!! [Child][MessageChannel::SendAndWait] Error: Channel error: cannot send/recv

1543235084108	mozrunner::runner	INFO	Running command: "C:\\Program Files\\Mozilla Firefox\\firefox.exe" "-marionette" "-foreground" "-no-remote" "-profile" "C:\\Users\\LIU\\AppData\\Local\\Temp\\rust_mozprofile.rpkYBsiGv3h2"
1543235088155	Marionette	INFO	Listening on port 61342
1543235088488	Marionette	WARN	TLS certificate errors will be ignored for this session
JavaScript error: http://www.moore.ren/src/js/sendcloud/subscribe.js, line 1: TypeError: e is null
JavaScript error: http://www.moore.ren/src/js/sendcloud/subscribe.js, line 1: TypeError: e is null
[Parent 23376, Gecko_IOThread] WARNING: pipe error: 109: file z:/build/build/src/ipc/chromium/src/chrome/common/ipc_channel_win.cc, line 346
[Child 19392, Chrome_ChildThread] WARNING: pipe error: 109: file z:/build/build/src/ipc/chromium/src/chrome/common/ipc_channel_win.cc, line 346
[Child 19392, Chro[Parent 23376, Gecko_IOThread] WARNING: pipe error: 109: file z:/build/build/src/ipc/chromium/src/chrome/common/ipc_channel_win.cc, line 346
[Child 27156, Chrome_ChildThread] WARNING: pipe error: 232: file z:/build/build/src/ipc/chromium/src/chrome/common/ipc_channel_win.cc, line 513
[Child 27156, Chrome_ChildThread] WARNING: pipe error: 109: file z:/build/build/src/ipc/chromium/src/chrome/common/ipc_channel_win.cc, line 346
[Child 27156, Chrome_ChildThread] WARNING: pipe [Parent 23376, Gecko_IOThread] WARNING: pipe error: 109: file z:/build/build/src/ipc/chromium/src/chrome/common/ipc_channel_win.cc, line 346
1543235115128	Marionette	INFO	Stopped listening on port 61342
[GPU 10576, Chrome_ChildThread] WARNING: p
###!!! [Child][RunMessage] Error: Channel closing: too late to send/recv, messages will be lost

ipe error: 109: file z:/build/build/src/ipc/chromi
###!!! [Child][MessageChannel::SendAndWait] Error: Channel error: cannot send/recv

